# JRE version: Java(TM) SE Runtime Environment (8.0_181-b13) (build 1.8.0_181-b13)
# Java VM: Java HotSpot(TM) 64-Bit Server VM (25.181-b13 mixed mode windows-amd64 compressed oops)
Heap:
 PSYoungGen      total 125440K, used 42850K [0x00000000eab00000, 0x00000000f3600000, 0x0000000100000000)
  eden space 108032K, 31% used [0x00000000eab00000,0x00000000ecbfd978,0x00000000f1480000)
  from space 17408K, 52% used [0x00000000f2500000,0x00000000f2ddb0f8,0x00000000f3600000)
  to   space 16896K, 0% used [0x00000000f1480000,0x00000000f1480000,0x00000000f2500000)
 ParOldGen       total 140800K, used 97610K [0x00000000c0000000, 0x00000000c8980000, 0x00000000eab00000)
  object space 140800K, 69% used [0x00000000c0000000,0x00000000c5f52ad8,0x00000000c8980000)
 Metaspace       used 89934K, capacity 93158K, committed 93336K, reserved 1130496K
  class space    used 11800K, capacity 12445K, committed 12464K, reserved 1048576K
GC Heap History (10 events):
Event: 130.732 GC heap before
{Heap before GC invocations=53 (full 4):
 PSYoungGen      total 101376K, used 12411K [0x00000000eab00000, 0x00000000f2900000, 0x0000000100000000)
  eden space 84992K, 0% used [0x00000000eab00000,0x00000000eab00000,0x00000000efe00000)
  from space 16384K, 75% used [0x00000000efe00000,0x00000000f0a1ed28,0x00000000f0e00000)
  to   space 17408K, 0% used [0x00000000f1800000,0x00000000f1800000,0x00000000f2900000)
 ParOldGen       total 122368K, used 113694K [0x00000000c0000000, 0x00000000c7780000, 0x00000000eab00000)
  object space 122368K, 92% used [0x00000000c0000000,0x00000000c6f07848,0x00000000c7780000)
 Metaspace       used 82316K, capacity 84802K, committed 84888K, reserved 1122304K
  class space    used 10857K, capacity 11427K, committed 11440K, reserved 1048576K
Event: 130.819 GC heap after
Heap after GC invocations=53 (full 4):
 PSYoungGen      total 101376K, used 0K [0x00000000eab00000, 0x00000000f2900000, 0x0000000100000000)
  eden space 84992K, 0% used [0x00000000eab00000,0x00000000eab00000,0x00000000efe00000)
  from space 16384K, 0% used [0x00000000efe00000,0x00000000efe00000,0x00000000f0e00000)
  to   space 17408K, 0% used [0x00000000f1800000,0x00000000f1800000,0x00000000f2900000)
 ParOldGen       total 140800K, used 79622K [0x00000000c0000000, 0x00000000c8980000, 0x00000000eab00000)
  object space 140800K, 56% used [0x00000000c0000000,0x00000000c4dc1910,0x00000000c8980000)
 Metaspace       used 82045K, capacity 84220K, committed 84888K, reserved 1122304K
  class space    used 10769K, capacity 11282K, committed 11440K, reserved 1048576K
}
Event: 131.765 GC heap before
{Heap before GC invocations=54 (full 4):
 PSYoungGen      total 101376K, used 84992K [0x00000000eab00000, 0x00000000f2900000, 0x0000000100000000)
  eden space 84992K, 100% used [0x00000000eab00000,0x00000000efe00000,0x00000000efe00000)
  from space 16384K, 0% used [0x00000000efe00000,0x00000000efe00000,0x00000000f0e00000)
  to   space 17408K, 0% used [0x00000000f1800000,0x00000000f1800000,0x00000000f2900000)
 ParOldGen       total 140800K, used 79622K [0x00000000c0000000, 0x00000000c8980000, 0x00000000eab00000)
  object space 140800K, 56% used [0x00000000c0000000,0x00000000c4dc1910,0x00000000c8980000)
 Metaspace       used 87736K, capacity 90520K, committed 90776K, reserved 1128448K
  class space    used 11548K, capacity 12160K, committed 12208K, reserved 1048576K
Event: 131.780 GC heap after
Heap after GC invocations=54 (full 4):
 PSYoungGen      total 110592K, used 11156K [0x00000000eab00000, 0x00000000f2c80000, 0x0000000100000000)
  eden space 93184K, 0% used [0x00000000eab00000,0x00000000eab00000,0x00000000f0600000)
  from space 17408K, 64% used [0x00000000f1800000,0x00000000f22e5350,0x00000000f2900000)
  to   space 18432K, 0% used [0x00000000f0600000,0x00000000f0600000,0x00000000f1800000)
 ParOldGen       total 140800K, used 79630K [0x00000000c0000000, 0x00000000c8980000, 0x00000000eab00000)
  object space 140800K, 56% used [0x00000000c0000000,0x00000000c4dc3910,0x00000000c8980000)
 Metaspace       used 87736K, capacity 90520K, committed 90776K, reserved 1128448K
  class space    used 11548K, capacity 12160K, committed 12208K, reserved 1048576K
}
Event: 132.037 GC heap before
{Heap before GC invocations=55 (full 4):
 PSYoungGen      total 110592K, used 104340K [0x00000000eab00000, 0x00000000f2c80000, 0x0000000100000000)
  eden space 93184K, 100% used [0x00000000eab00000,0x00000000f0600000,0x00000000f0600000)
  from space 17408K, 64% used [0x00000000f1800000,0x00000000f22e5350,0x00000000f2900000)
  to   space 18432K, 0% used [0x00000000f0600000,0x00000000f0600000,0x00000000f1800000)
 ParOldGen       total 140800K, used 79630K [0x00000000c0000000, 0x00000000c8980000, 0x00000000eab00000)
  object space 140800K, 56% used [0x00000000c0000000,0x00000000c4dc3910,0x00000000c8980000)
 Metaspace       used 88781K, capacity 91660K, committed 91928K, reserved 1128448K
  class space    used 11665K, capacity 12298K, committed 12336K, reserved 1048576K
Event: 132.049 GC heap after
Heap after GC invocations=55 (full 4):
 PSYoungGen      total 111616K, used 5906K [0x00000000eab00000, 0x00000000f3600000, 0x0000000100000000)
  eden space 93184K, 0% used [0x00000000eab00000,0x00000000eab00000,0x00000000f0600000)
  from space 18432K, 32% used [0x00000000f0600000,0x00000000f0bc4830,0x00000000f1800000)
  to   space 17408K, 0% used [0x00000000f2500000,0x00000000f2500000,0x00000000f3600000)
 ParOldGen       total 140800K, used 86072K [0x00000000c0000000, 0x00000000c8980000, 0x00000000eab00000)
  object space 140800K, 61% used [0x00000000c0000000,0x00000000c540e2a0,0x00000000c8980000)
 Metaspace       used 88781K, capacity 91660K, committed 91928K, reserved 1128448K
  class space    used 11665K, capacity 12298K, committed 12336K, reserved 1048576K
}
Event: 132.270 GC heap before
{Heap before GC invocations=56 (full 4):
 PSYoungGen      total 111616K, used 99090K [0x00000000eab00000, 0x00000000f3600000, 0x0000000100000000)
  eden space 93184K, 100% used [0x00000000eab00000,0x00000000f0600000,0x00000000f0600000)
  from space 18432K, 32% used [0x00000000f0600000,0x00000000f0bc4830,0x00000000f1800000)
  to   space 17408K, 0% used [0x00000000f2500000,0x00000000f2500000,0x00000000f3600000)
 ParOldGen       total 140800K, used 86072K [0x00000000c0000000, 0x00000000c8980000, 0x00000000eab00000)
  object space 140800K, 61% used [0x00000000c0000000,0x00000000c540e2a0,0x00000000c8980000)
 Metaspace       used 89458K, capacity 92548K, committed 92824K, reserved 1130496K
  class space    used 11761K, capacity 12408K, committed 12464K, reserved 1048576K
Event: 132.279 GC heap after
Heap after GC invocations=56 (full 4):
 PSYoungGen      total 125440K, used 4319K [0x00000000eab00000, 0x00000000f3600000, 0x0000000100000000)
  eden space 108032K, 0% used [0x00000000eab00000,0x00000000eab00000,0x00000000f1480000)
  from space 17408K, 24% used [0x00000000f2500000,0x00000000f2937c88,0x00000000f3600000)
  to   space 16896K, 0% used [0x00000000f1480000,0x00000000f1480000,0x00000000f2500000)
 ParOldGen       total 140800K, used 90449K [0x00000000c0000000, 0x00000000c8980000, 0x00000000eab00000)
  object space 140800K, 64% used [0x00000000c0000000,0x00000000c5854790,0x00000000c8980000)
 Metaspace       used 89458K, capacity 92548K, committed 92824K, reserved 1130496K
  class space    used 11761K, capacity 12408K, committed 12464K, reserved 1048576K
}
Event: 132.486 GC heap before
{Heap before GC invocations=57 (full 4):
 PSYoungGen      total 125440K, used 112351K [0x00000000eab00000, 0x00000000f3600000, 0x0000000100000000)
  eden space 108032K, 100% used [0x00000000eab00000,0x00000000f1480000,0x00000000f1480000)
  from space 17408K, 24% used [0x00000000f2500000,0x00000000f2937c88,0x00000000f3600000)
  to   space 16896K, 0% used [0x00000000f1480000,0x00000000f1480000,0x00000000f2500000)
 ParOldGen       total 140800K, used 90449K [0x00000000c0000000, 0x00000000c8980000, 0x00000000eab00000)
  object space 140800K, 64% used [0x00000000c0000000,0x00000000c5854790,0x00000000c8980000)
 Metaspace       used 89685K, capacity 92892K, committed 93080K, reserved 1130496K
  class space    used 11775K, capacity 12444K, committed 12464K, reserved 1048576K
Event: 132.497 GC heap after
Heap after GC invocations=57 (full 4):
 PSYoungGen      total 124928K, used 5540K [0x00000000eab00000, 0x00000000f3600000, 0x0000000100000000)
  eden space 108032K, 0% used [0x00000000eab00000,0x00000000eab00000,0x00000000f1480000)
  from space 16896K, 32% used [0x00000000f1480000,0x00000000f19e93c0,0x00000000f2500000)
  to   space 17408K, 0% used [0x00000000f2500000,0x00000000f2500000,0x00000000f3600000)
 ParOldGen       total 140800K, used 93130K [0x00000000c0000000, 0x00000000c8980000, 0x00000000eab00000)
  object space 140800K, 66% used [0x00000000c0000000,0x00000000c5af2858,0x00000000c8980000)
 Metaspace       used 89685K, capacity 92892K, committed 93080K, reserved 1130496K
  class space    used 11775K, capacity 12444K, committed 12464K, reserved 1048576K
}

